<?xml version="1.0" encoding="UTF-8"?>
<!-- Generated by org.testng.reporters.JUnitReportReporter -->
<testsuite hostname="USA-7GF5VF2" failures="0" tests="1" name="com.teladoc.test.AddRowsTest" time="9.586" errors="0" timestamp="2022-01-26T11:40:50 MST" skipped="0">
  <testcase classname="com.teladoc.test.AddRowsTest" name="AddRow" time="9.586"/>
  <system-out/>
</testsuite> <!-- com.teladoc.test.AddRowsTest -->
